<?xml version="1.0" encoding="UTF-8"?>
<testng-results ignored="0" total="1" passed="1" failed="0" skipped="0">
  <reporter-output>
  </reporter-output>
  <suite started-at="2025-03-05T18:07:58 IST" name="Default suite" finished-at="2025-03-05T18:09:15 IST" duration-ms="76561">
    <groups>
    </groups>
    <test started-at="2025-03-05T18:07:58 IST" name="Default test" finished-at="2025-03-05T18:09:15 IST" duration-ms="76561">
      <class name="tests.yahooTSLA">
        <test-method signature="finyahoo()[pri:0, instance:tests.yahooTSLA@485a3466]" started-at="2025-03-05T18:07:59 IST" name="finyahoo" finished-at="2025-03-05T18:09:15 IST" duration-ms="76513" status="PASS">
          <reporter-output>
          </reporter-output>
        </test-method> <!-- finyahoo -->
      </class> <!-- tests.yahooTSLA -->
    </test> <!-- Default test -->
  </suite> <!-- Default suite -->
</testng-results>
